<?xml version="1.0" encoding="UTF-8"?>
<robot generator="Robot 6.1.1 (Python 3.13.3 on win32)" generated="20250606 11:59:56.181" rpa="false" schemaversion="4">
<suite id="s1" name="Test Automation" source="E:\Automation\SMSMagic\robot_framework_automation\tests\test_automation.robot">
<test id="s1-t1" name="Verify user is able to navigate to Automation page" line="14">
<kw name="Open Browser To Login Page" library="resources" type="SETUP">
<kw name="Set Selenium Speed" library="SeleniumLibrary">
<arg>1</arg>
<doc>Sets the delay that is waited after each Selenium command.</doc>
<status status="PASS" starttime="20250606 11:59:57.907" endtime="20250606 11:59:57.907"/>
</kw>
<kw name="Open Browser" library="SeleniumLibrary">
<arg>${url}</arg>
<arg>${BROWSER}</arg>
<doc>Opens a new browser instance to the optional ``url``.</doc>
<msg timestamp="20250606 11:59:57.908" level="INFO">Opening browser 'chrome' to base url 'https://app.beconversive.com/app/#/conversive/usecase'.</msg>
<status status="PASS" starttime="20250606 11:59:57.907" endtime="20250606 12:00:13.474"/>
</kw>
<kw name="Maximize Browser Window" library="SeleniumLibrary">
<doc>Maximizes current browser window.</doc>
<status status="PASS" starttime="20250606 12:00:13.474" endtime="20250606 12:00:14.526"/>
</kw>
<kw name="Title Should Be" library="SeleniumLibrary">
<arg>Conversive</arg>
<doc>Verifies that the current page title equals ``title``.</doc>
<msg timestamp="20250606 12:00:15.538" level="INFO">Page title is 'Conversive'.</msg>
<status status="PASS" starttime="20250606 12:00:14.527" endtime="20250606 12:00:15.538"/>
</kw>
<kw name="Sleep" library="BuiltIn">
<arg>5s</arg>
<doc>Pauses the test executed for the given time.</doc>
<msg timestamp="20250606 12:00:20.539" level="INFO">Slept 5 seconds</msg>
<status status="PASS" starttime="20250606 12:00:15.538" endtime="20250606 12:00:20.539"/>
</kw>
<status status="PASS" starttime="20250606 11:59:57.906" endtime="20250606 12:00:20.539"/>
</kw>
<kw name="Login With Valid Credentials" library="login_keywords">
<doc>Opens the login page, enters valid credentials, and verifies successful login by checking the dashboard.</doc>
<kw name="Input Credentials And Submit" library="login_keywords">
<doc>Inputs the username and password fields with valid credentials and submits the login form.</doc>
<kw name="Input Text" library="SeleniumLibrary">
<arg>${USERNAME_FIELD}</arg>
<arg>${VALID_USER}</arg>
<doc>Types the given ``text`` into the text field identified by ``locator``.</doc>
<msg timestamp="20250606 12:00:20.541" level="INFO">Typing text 'vijayshreeplastics@proton.me' into text field 'xpath://input[@type="email"]'.</msg>
<status status="PASS" starttime="20250606 12:00:20.540" endtime="20250606 12:00:23.772"/>
</kw>
<kw name="Input Text" library="SeleniumLibrary">
<arg>${PASSWORD_FIELD}</arg>
<arg>${VALID_PASSWORD}</arg>
<doc>Types the given ``text`` into the text field identified by ``locator``.</doc>
<msg timestamp="20250606 12:00:23.773" level="INFO">Typing text 'Password@123' into text field 'xpath://input[@type="password"]'.</msg>
<status status="PASS" starttime="20250606 12:00:23.772" endtime="20250606 12:00:26.913"/>
</kw>
<status status="PASS" starttime="20250606 12:00:20.540" endtime="20250606 12:00:26.914"/>
</kw>
<kw name="Verify Dashboard Is Displayed" library="login_keywords">
<doc>Waits for the dashboard welcome text to appear to confirm successful login.</doc>
<kw name="Wait Until Page Contains Element" library="SeleniumLibrary">
<arg>${welcome_text}</arg>
<arg>timeout=120s</arg>
<doc>Waits until the element ``locator`` appears on the current page.</doc>
<status status="PASS" starttime="20250606 12:00:26.914" endtime="20250606 12:00:50.281"/>
</kw>
<kw name="Element Should Be Visible" library="SeleniumLibrary">
<arg>${welcome_text}</arg>
<doc>Verifies that the element identified by ``locator`` is visible.</doc>
<msg timestamp="20250606 12:00:52.315" level="INFO">Element 'xpath://h3[contains(text(),'Welcome ')]' is displayed.</msg>
<status status="PASS" starttime="20250606 12:00:50.281" endtime="20250606 12:00:52.315"/>
</kw>
<status status="PASS" starttime="20250606 12:00:26.914" endtime="20250606 12:00:52.315"/>
</kw>
<status status="PASS" starttime="20250606 12:00:20.540" endtime="20250606 12:00:52.315"/>
</kw>
<kw name="Perform automation activities" library="automation_keywords">
<doc>Navigate to Automation Library and verify the page heading</doc>
<kw name="Click Element" library="SeleniumLibrary">
<arg>${profile_menu}</arg>
<doc>Click the element identified by ``locator``.</doc>
<msg timestamp="20250606 12:00:52.317" level="INFO">Clicking element 'xpath://div[contains(@class, 'header-action-item-hoverable')]//div[contains(@class, 'text-2xl')]'.</msg>
<status status="PASS" starttime="20250606 12:00:52.316" endtime="20250606 12:00:54.469"/>
</kw>
<kw name="Click Element" library="SeleniumLibrary">
<arg>${automation_library}</arg>
<doc>Click the element identified by ``locator``.</doc>
<msg timestamp="20250606 12:00:54.469" level="INFO">Clicking element 'xpath://span[contains(text(), 'Automation Library')]'.</msg>
<status status="PASS" starttime="20250606 12:00:54.469" endtime="20250606 12:00:56.657"/>
</kw>
<kw name="Verify Heading Is Present" library="common_utilities">
<arg>${automation_heading}</arg>
<arg>5s</arg>
<doc>Waits until the element identified by ${locator} is visible, then verifies it is visible.</doc>
<kw name="Wait Until Element Is Visible" library="SeleniumLibrary">
<arg>${locator}</arg>
<arg>${timeout}</arg>
<doc>Waits until the element ``locator`` is visible.</doc>
<status status="PASS" starttime="20250606 12:00:56.659" endtime="20250606 12:00:58.700"/>
</kw>
<kw name="Element Should Be Visible" library="SeleniumLibrary">
<arg>${locator}</arg>
<doc>Verifies that the element identified by ``locator`` is visible.</doc>
<msg timestamp="20250606 12:01:00.725" level="INFO">Element 'xpath://h2[contains(text(), 'Automation')]' is displayed.</msg>
<status status="PASS" starttime="20250606 12:00:58.700" endtime="20250606 12:01:00.725"/>
</kw>
<status status="PASS" starttime="20250606 12:00:56.659" endtime="20250606 12:01:00.725"/>
</kw>
<status status="PASS" starttime="20250606 12:00:52.316" endtime="20250606 12:01:00.725"/>
</kw>
<kw name="Click On Automation Tasks" library="automation_keywords">
<doc>Trigger the process to click on automation templates read from Excel.</doc>
<kw name="Click Templates From Excel" library="automation_keywords">
<doc>Retrieve all template locators from Excel and click each template sequentially.</doc>
<kw name="Get Template Locators From Excel" library="excelUtility">
<var>${locators}</var>
<doc>Reads template names from Excel and returns a list of XPath locators for each template.</doc>
<kw name="Normalize Path" library="OperatingSystem">
<var>${file_path}</var>
<arg>${RAW_PATH}</arg>
<doc>Normalizes the given path.</doc>
<msg timestamp="20250606 12:01:00.727" level="INFO">${file_path} = E:\Automation\SMSMagic\robot_framework_automation\test_data\template_data.xlsx</msg>
<status status="PASS" starttime="20250606 12:01:00.727" endtime="20250606 12:01:00.727"/>
</kw>
<kw name="Get Template Names From Excel" library="excelUtility">
<var>${template_names}</var>
<arg>${file_path}</arg>
<arg>${sheet_name}</arg>
<doc>Reads the Excel file and extracts template names from the specified sheet.</doc>
<msg timestamp="20250606 12:01:00.740" level="INFO">${template_names} = ['Staffing Appointment Assistant']</msg>
<status status="PASS" starttime="20250606 12:01:00.727" endtime="20250606 12:01:00.740"/>
</kw>
<kw name="Create List" library="BuiltIn">
<var>${locators}</var>
<doc>Returns a list containing given items.</doc>
<msg timestamp="20250606 12:01:00.740" level="INFO">${locators} = []</msg>
<status status="PASS" starttime="20250606 12:01:00.740" endtime="20250606 12:01:00.740"/>
</kw>
<for flavor="IN">
<var>${template_name}</var>
<value>@{template_names}</value>
<iter>
<var name="${template_name}">Staffing Appointment Assistant</var>
<kw name="Set Variable" library="BuiltIn">
<var>${locator}</var>
<arg>xpath=//p[@class="title-align" and text()="${template_name}"]</arg>
<doc>Returns the given values which can then be assigned to a variables.</doc>
<msg timestamp="20250606 12:01:00.741" level="INFO">${locator} = xpath=//p[@class="title-align" and text()="Staffing Appointment Assistant"]</msg>
<status status="PASS" starttime="20250606 12:01:00.740" endtime="20250606 12:01:00.741"/>
</kw>
<kw name="Append To List" library="Collections">
<arg>${locators}</arg>
<arg>${locator}</arg>
<doc>Adds ``values`` to the end of ``list``.</doc>
<status status="PASS" starttime="20250606 12:01:00.741" endtime="20250606 12:01:00.741"/>
</kw>
<status status="PASS" starttime="20250606 12:01:00.740" endtime="20250606 12:01:00.741"/>
</iter>
<status status="PASS" starttime="20250606 12:01:00.740" endtime="20250606 12:01:00.741"/>
</for>
<msg timestamp="20250606 12:01:00.741" level="INFO">${locators} = ['xpath=//p[@class="title-align" and text()="Staffing Appointment Assistant"]']</msg>
<status status="PASS" starttime="20250606 12:01:00.726" endtime="20250606 12:01:00.741"/>
</kw>
<for flavor="IN">
<var>${locator}</var>
<value>@{locators}</value>
<iter>
<var name="${locator}">xpath=//p[@class="title-align" and text()="Staffing Appointment Assistant"]</var>
<kw name="Log" library="BuiltIn">
<arg>Clicking: ${locator}</arg>
<doc>Logs the given message with the given level.</doc>
<msg timestamp="20250606 12:01:00.742" level="INFO">Clicking: xpath=//p[@class="title-align" and text()="Staffing Appointment Assistant"]</msg>
<status status="PASS" starttime="20250606 12:01:00.742" endtime="20250606 12:01:00.742"/>
</kw>
<kw name="Click Element" library="SeleniumLibrary">
<arg>${locator}</arg>
<doc>Click the element identified by ``locator``.</doc>
<msg timestamp="20250606 12:01:00.742" level="INFO">Clicking element 'xpath=//p[@class="title-align" and text()="Staffing Appointment Assistant"]'.</msg>
<status status="PASS" starttime="20250606 12:01:00.742" endtime="20250606 12:01:02.884"/>
</kw>
<kw name="Sleep" library="BuiltIn">
<arg>2s</arg>
<doc>Pauses the test executed for the given time.</doc>
<msg timestamp="20250606 12:01:04.885" level="INFO">Slept 2 seconds</msg>
<status status="PASS" starttime="20250606 12:01:02.885" endtime="20250606 12:01:04.885"/>
</kw>
<kw name="Perform automation task" library="automation_keywords">
<doc>Execute automation task workflow after selecting a template.</doc>
<kw name="Verify Automation heading when opened" library="common_utilities">
<doc>Retrieves the text from the automation heading locator and logs it.</doc>
<kw name="Get Text From Locator" library="common_utilities">
<var>${value}</var>
<arg>${converse_servey_text}</arg>
<doc>Returns the text content of the element identified by ${locator}.</doc>
<kw name="Get Text" library="SeleniumLibrary">
<var>${text}</var>
<arg>${locator}</arg>
<doc>Returns the text value of the element identified by ``locator``.</doc>
<msg timestamp="20250606 12:01:06.927" level="INFO">${text} = Staffing Appointment Assistant</msg>
<status status="PASS" starttime="20250606 12:01:04.887" endtime="20250606 12:01:06.927"/>
</kw>
<msg timestamp="20250606 12:01:06.927" level="INFO">${value} = Staffing Appointment Assistant</msg>
<status status="PASS" starttime="20250606 12:01:04.887" endtime="20250606 12:01:06.927"/>
</kw>
<kw name="Log" library="BuiltIn">
<arg>The text is: ${value}</arg>
<doc>Logs the given message with the given level.</doc>
<msg timestamp="20250606 12:01:06.928" level="INFO">The text is: Staffing Appointment Assistant</msg>
<status status="PASS" starttime="20250606 12:01:06.928" endtime="20250606 12:01:06.928"/>
</kw>
<status status="PASS" starttime="20250606 12:01:04.886" endtime="20250606 12:01:06.928"/>
</kw>
<kw name="Click Button" library="SeleniumLibrary">
<arg>${get_automation_button}</arg>
<doc>Clicks the button identified by ``locator``.</doc>
<msg timestamp="20250606 12:01:06.928" level="INFO">Clicking button 'xpath://button[contains(text(), "Get this automation")]'.</msg>
<status status="PASS" starttime="20250606 12:01:06.928" endtime="20250606 12:01:12.073"/>
</kw>
<kw name="Wait Until Page Contains Element" library="SeleniumLibrary">
<arg>${page_load_on_automation_task}</arg>
<arg>timeout=5s</arg>
<doc>Waits until the element ``locator`` appears on the current page.</doc>
<status status="PASS" starttime="20250606 12:01:12.073" endtime="20250606 12:01:15.518"/>
</kw>
<kw name="Select Sender ID From Dropdown" library="automation_keywords">
<doc>Select a sender ID from dropdown before activating automation.</doc>
<kw name="Click Element" library="SeleniumLibrary">
<arg>${select_sender}</arg>
<doc>Click the element identified by ``locator``.</doc>
<msg timestamp="20250606 12:01:15.519" level="INFO">Clicking element 'xpath://div[@id='senderId']'.</msg>
<status status="PASS" starttime="20250606 12:01:15.518" endtime="20250606 12:01:17.628"/>
</kw>
<kw name="Sleep" library="BuiltIn">
<arg>1s</arg>
<doc>Pauses the test executed for the given time.</doc>
<msg timestamp="20250606 12:01:18.629" level="INFO">Slept 1 second</msg>
<status status="PASS" starttime="20250606 12:01:17.628" endtime="20250606 12:01:18.629"/>
</kw>
<kw name="Click Element" library="SeleniumLibrary">
<arg>xpath=//div[contains(@class,"option") and text()="${OPTION_TEXT}"]</arg>
<doc>Click the element identified by ``locator``.</doc>
<msg timestamp="20250606 12:01:18.629" level="INFO">Clicking element 'xpath=//div[contains(@class,"option") and text()="WEB-DEMO-80051954 (Webchat)"]'.</msg>
<status status="PASS" starttime="20250606 12:01:18.629" endtime="20250606 12:01:20.763"/>
</kw>
<status status="PASS" starttime="20250606 12:01:15.518" endtime="20250606 12:01:20.763"/>
</kw>
<kw name="Click Button" library="SeleniumLibrary">
<arg>${activate_button}</arg>
<doc>Clicks the button identified by ``locator``.</doc>
<msg timestamp="20250606 12:01:20.764" level="INFO">Clicking button 'xpath://button[contains(text(), 'Activate')]'.</msg>
<status status="PASS" starttime="20250606 12:01:20.763" endtime="20250606 12:01:25.911"/>
</kw>
<kw name="Wait Until Page Contains" library="SeleniumLibrary">
<arg>Confirm Automation Activation</arg>
<doc>Waits until ``text`` appears on the current page.</doc>
<status status="PASS" starttime="20250606 12:01:25.911" endtime="20250606 12:01:26.930"/>
</kw>
<kw name="Click Button" library="SeleniumLibrary">
<arg>${confirmation_activation}</arg>
<doc>Clicks the button identified by ``locator``.</doc>
<msg timestamp="20250606 12:01:26.930" level="INFO">Clicking button 'xpath://button[contains(text(),'OK')]'.</msg>
<status status="PASS" starttime="20250606 12:01:26.930" endtime="20250606 12:01:32.066"/>
</kw>
<kw name="Verify Account is activated" library="automation_keywords">
<doc>Confirm that automation activation succeeded by checking the status.</doc>
<kw name="Wait Until Page Contains" library="SeleniumLibrary">
<arg>Active</arg>
<arg>timeout=3s</arg>
<doc>Waits until ``text`` appears on the current page.</doc>
<status status="PASS" starttime="20250606 12:01:32.066" endtime="20250606 12:01:35.540"/>
</kw>
<status status="PASS" starttime="20250606 12:01:32.066" endtime="20250606 12:01:35.540"/>
</kw>
<kw name="Click Element" library="SeleniumLibrary">
<arg>${navigated_to_automation_library}</arg>
<doc>Click the element identified by ``locator``.</doc>
<msg timestamp="20250606 12:01:35.541" level="INFO">Clicking element 'xpath://span[contains(text(),'Back')]'.</msg>
<status status="PASS" starttime="20250606 12:01:35.540" endtime="20250606 12:01:37.694"/>
</kw>
<status status="PASS" starttime="20250606 12:01:04.885" endtime="20250606 12:01:37.695"/>
</kw>
<status status="PASS" starttime="20250606 12:01:00.742" endtime="20250606 12:01:37.695"/>
</iter>
<status status="PASS" starttime="20250606 12:01:00.741" endtime="20250606 12:01:37.695"/>
</for>
<status status="PASS" starttime="20250606 12:01:00.726" endtime="20250606 12:01:37.695"/>
</kw>
<status status="PASS" starttime="20250606 12:01:00.726" endtime="20250606 12:01:37.695"/>
</kw>
<kw name="Logout from the application" library="logout">
<kw name="Select user to click" library="logout">
<kw name="Click Element" library="SeleniumLibrary">
<arg>${click_user}</arg>
<doc>Click the element identified by ``locator``.</doc>
<msg timestamp="20250606 12:01:37.697" level="INFO">Clicking element 'xpath://div[@class='text-xs capitalize']'.</msg>
<status status="PASS" starttime="20250606 12:01:37.696" endtime="20250606 12:01:39.802"/>
</kw>
<status status="PASS" starttime="20250606 12:01:37.696" endtime="20250606 12:01:39.802"/>
</kw>
<kw name="Click on Logout to sign off from application" library="logout">
<kw name="Click Element" library="SeleniumLibrary">
<arg>${sign_out}</arg>
<doc>Click the element identified by ``locator``.</doc>
<msg timestamp="20250606 12:01:39.803" level="INFO">Clicking element 'xpath://span[contains(text(),'Sign Out')]'.</msg>
<status status="PASS" starttime="20250606 12:01:39.803" endtime="20250606 12:01:41.908"/>
</kw>
<status status="PASS" starttime="20250606 12:01:39.802" endtime="20250606 12:01:41.908"/>
</kw>
<status status="PASS" starttime="20250606 12:01:37.696" endtime="20250606 12:01:41.908"/>
</kw>
<kw name="Close Browser" library="SeleniumLibrary" type="TEARDOWN">
<doc>Closes the current browser.</doc>
<status status="PASS" starttime="20250606 12:01:41.909" endtime="20250606 12:01:45.104"/>
</kw>
<doc>This test verifies that a user can successfully log in,
perform automation-related activities, and navigate
to the Automation Tasks page.</doc>
<status status="PASS" starttime="20250606 11:59:57.905" endtime="20250606 12:01:45.105"/>
</test>
<status status="PASS" starttime="20250606 11:59:56.184" endtime="20250606 12:01:45.106"/>
</suite>
<statistics>
<total>
<stat pass="1" fail="0" skip="0">All Tests</stat>
</total>
<tag>
</tag>
<suite>
<stat pass="1" fail="0" skip="0" id="s1" name="Test Automation">Test Automation</stat>
</suite>
</statistics>
<errors>
</errors>
</robot>
