<?xml version="1.0" encoding="UTF-8"?>
<robot generator="Robot 6.1.1 (Python 3.13.3 on win32)" generated="20250607 02:29:24.160" rpa="false" schemaversion="4">
<suite id="s1" name="Tests" source="E:\Automation\SMSMagic\robot_framework_automation\tests">
<suite id="s1-s1" name="Test Automation" source="E:\Automation\SMSMagic\robot_framework_automation\tests\test_automation.robot">
<test id="s1-s1-t1" name="Verify user is able to navigate to Automation page" line="14">
<kw name="Open Browser To Login Page" library="resources" type="SETUP">
<kw name="Set Selenium Speed" library="SeleniumLibrary">
<arg>1</arg>
<doc>Sets the delay that is waited after each Selenium command.</doc>
<status status="PASS" starttime="20250607 02:29:25.723" endtime="20250607 02:29:25.724"/>
</kw>
<kw name="Open Browser" library="SeleniumLibrary">
<arg>${url}</arg>
<arg>${BROWSER}</arg>
<doc>Opens a new browser instance to the optional ``url``.</doc>
<msg timestamp="20250607 02:29:25.724" level="INFO">Opening browser 'chrome' to base url 'https://app.beconversive.com/app/#/conversive/usecase'.</msg>
<status status="PASS" starttime="20250607 02:29:25.724" endtime="20250607 02:29:30.360"/>
</kw>
<kw name="Maximize Browser Window" library="SeleniumLibrary">
<doc>Maximizes current browser window.</doc>
<status status="PASS" starttime="20250607 02:29:30.360" endtime="20250607 02:29:31.420"/>
</kw>
<kw name="Title Should Be" library="SeleniumLibrary">
<arg>Conversive</arg>
<doc>Verifies that the current page title equals ``title``.</doc>
<msg timestamp="20250607 02:29:32.428" level="INFO">Page title is 'Conversive'.</msg>
<status status="PASS" starttime="20250607 02:29:31.421" endtime="20250607 02:29:32.429"/>
</kw>
<kw name="Sleep" library="BuiltIn">
<arg>5s</arg>
<doc>Pauses the test executed for the given time.</doc>
<msg timestamp="20250607 02:29:37.429" level="INFO">Slept 5 seconds</msg>
<status status="PASS" starttime="20250607 02:29:32.429" endtime="20250607 02:29:37.430"/>
</kw>
<status status="PASS" starttime="20250607 02:29:25.723" endtime="20250607 02:29:37.430"/>
</kw>
<kw name="Login With Valid Credentials" library="login_keywords">
<doc>Opens the login page, enters valid credentials, and verifies successful login by checking the dashboard.</doc>
<kw name="Input Credentials And Submit" library="login_keywords">
<doc>Inputs the username and password fields with valid credentials and submits the login form.</doc>
<kw name="Input Text" library="SeleniumLibrary">
<arg>${USERNAME_FIELD}</arg>
<arg>${VALID_USER}</arg>
<doc>Types the given ``text`` into the text field identified by ``locator``.</doc>
<msg timestamp="20250607 02:29:37.432" level="INFO">Typing text 'vijayshreeplasticstest@proton.me' into text field 'xpath://input[@type="email"]'.</msg>
<status status="PASS" starttime="20250607 02:29:37.431" endtime="20250607 02:29:40.666"/>
</kw>
<kw name="Input Text" library="SeleniumLibrary">
<arg>${PASSWORD_FIELD}</arg>
<arg>${VALID_PASSWORD}</arg>
<doc>Types the given ``text`` into the text field identified by ``locator``.</doc>
<msg timestamp="20250607 02:29:40.667" level="INFO">Typing text 'Password@123' into text field 'xpath://input[@type="password"]'.</msg>
<status status="PASS" starttime="20250607 02:29:40.666" endtime="20250607 02:29:43.814"/>
</kw>
<status status="PASS" starttime="20250607 02:29:37.431" endtime="20250607 02:29:43.814"/>
</kw>
<kw name="Verify Dashboard Is Displayed" library="login_keywords">
<doc>Waits for the dashboard welcome text to appear to confirm successful login.</doc>
<kw name="Wait Until Page Contains Element" library="SeleniumLibrary">
<arg>${welcome_text}</arg>
<arg>timeout=120s</arg>
<doc>Waits until the element ``locator`` appears on the current page.</doc>
<msg timestamp="20250607 02:29:58.656" level="WARN">Retrying (Retry(total=2, connect=None, read=None, redirect=None, status=None)) after connection broken by 'ConnectionResetError(10054, 'An existing connection was forcibly closed by the remote host', None, 10054, None)': /session/a31e983b0c18be0dcff4e842ef2008b9/screenshot</msg>
<errors>
<msg timestamp="20250607 02:29:58.656" level="WARN">Retrying (Retry(total=2, connect=None, read=None, redirect=None, status=None)) after connection broken by 'ConnectionResetError(10054, 'An existing connection was forcibly closed by the remote host', None, 10054, None)': /session/a31e983b0c18be0dcff4e842ef2008b9/screenshot</msg>
<msg timestamp="20250607 02:30:00.706" level="ERROR">Execution stopped by user.</msg>
</errors>
</robot>
